<test-run id="2" testcasecount="32" result="Passed" start-time="2026-01-09 22:03:28.224925" end-time="2026-01-09 22:03:28.263592" duration="0" total="32" passed="31" failed="0" inconclusive="0" skipped="1" asserts="0" clr-version="3.10.12 (main, Nov  4 2025, 08:48:33) [GCC 11.4.0]" engine-version="3.6.2"><command-line>/home/azuelab/.local/lib/python3.10/site-packages/pytest/__main__.py tests/ -v</command-line><filter><test re="0">tests/</test></filter><test-suite id="tests/test_data_decoding.py::TestValueRanges" name="tests/test_data_decoding.py::TestValueRanges" fullname="tests/test_data_decoding.py::TestValueRanges" methodname="" classname="" runstate="Runnable" type="Assembly" testcasecount="4" result="Passed" label="Test handling of various value ranges." start-time="2026-01-09 22:03:28.255053" end-time="2026-01-09 22:03:28.256897" duration="0.001844" asserts="0" total="4" passed="3" failed="0" warnings="0" inconclusive="0" skipped="1"><properties><property name="python_version" value="3.10.12 (main, Nov  4 2025, 08:48:33) [GCC 11.4.0]" /></properties><test-case id="115" name="tests/test_data_decoding.py::TestValueRanges::test_zero_values" fullname="tests/test_data_decoding.py::TestValueRanges::test_zero_values" methodname="test_zero_values" classname="TestValueRanges" runstate="Runnable" seed="1" result="Passed" label="Test decoding of zero values." start-time="2026-01-09 22:03:28.255053" end-time="2026-01-09 22:03:28.255339" duration="0.000286" asserts="0"><properties><property name="python-version" value="3.10.12 (main, Nov  4 2025, 08:48:33) [GCC 11.4.0]" /><property name="fspath" value="tests/test_data_decoding.py" /></properties><environment framework-version="3.6.2" clr-version="3.10.12 (main, Nov  4 2025, 08:48:33) [GCC 11.4.0]" os-version="6.8.0-90-generic" platform="Linux" cwd="/home/azuelab/projects/fnirsi-web-monitor" machine-name="x86_64" user="" user-domain="" culture="en_US" uiculture="en_US" os-architecture="64bit" /><failure><message><![CDATA[]]></message><stack-trace><![CDATA[None]]></stack-trace></failure><reason><message><![CDATA[]]></message></reason><output><![CDATA[]]></output></test-case><test-case id="116" name="tests/test_data_decoding.py::TestValueRanges::test_high_voltage" fullname="tests/test_data_decoding.py::TestValueRanges::test_high_voltage" methodname="test_high_voltage" classname="TestValueRanges" runstate="Runnable" seed="1" result="Passed" label="Test decoding of high voltage values (e.g., 20V PD)." start-time="2026-01-09 22:03:28.255564" end-time="2026-01-09 22:03:28.255848" duration="0.000284" asserts="0"><properties><property name="python-version" value="3.10.12 (main, Nov  4 2025, 08:48:33) [GCC 11.4.0]" /><property name="fspath" value="tests/test_data_decoding.py" /></properties><environment framework-version="3.6.2" clr-version="3.10.12 (main, Nov  4 2025, 08:48:33) [GCC 11.4.0]" os-version="6.8.0-90-generic" platform="Linux" cwd="/home/azuelab/projects/fnirsi-web-monitor" machine-name="x86_64" user="" user-domain="" culture="en_US" uiculture="en_US" os-architecture="64bit" /><failure><message><![CDATA[]]></message><stack-trace><![CDATA[None]]></stack-trace></failure><reason><message><![CDATA[]]></message></reason><output><![CDATA[]]></output></test-case><test-case id="117" name="tests/test_data_decoding.py::TestValueRanges::test_high_current" fullname="tests/test_data_decoding.py::TestValueRanges::test_high_current" methodname="test_high_current" classname="TestValueRanges" runstate="Runnable" seed="1" result="Passed" label="Test decoding of high current values (e.g., 5A)." start-time="2026-01-09 22:03:28.256062" end-time="2026-01-09 22:03:28.256344" duration="0.000282" asserts="0"><properties><property name="python-version" value="3.10.12 (main, Nov  4 2025, 08:48:33) [GCC 11.4.0]" /><property name="fspath" value="tests/test_data_decoding.py" /></properties><environment framework-version="3.6.2" clr-version="3.10.12 (main, Nov  4 2025, 08:48:33) [GCC 11.4.0]" os-version="6.8.0-90-generic" platform="Linux" cwd="/home/azuelab/projects/fnirsi-web-monitor" machine-name="x86_64" user="" user-domain="" culture="en_US" uiculture="en_US" os-architecture="64bit" /><failure><message><![CDATA[]]></message><stack-trace><![CDATA[None]]></stack-trace></failure><reason><message><![CDATA[]]></message></reason><output><![CDATA[]]></output></test-case><test-case id="118" name="tests/test_data_decoding.py::TestValueRanges::test_negative_current_representation" fullname="tests/test_data_decoding.py::TestValueRanges::test_negative_current_representation" methodname="test_negative_current_representation" classname="TestValueRanges" runstate="Skipped" seed="1" result="Skipped" label="Test that negative current is handled correctly.&#10;&#10;        Note: The FNB48P uses unsigned 32-bit values for current measurement.&#10;        Reverse current flow (negative current) may be:&#10;        - Represented as a very large unsigned value (2's complement)&#10;        - Not supported at all by the device&#10;        - Represented differently based on firmware version&#10;&#10;        This test should be implemented once the device's handling of&#10;        reverse current flow is documented or reverse-engineered." start-time="2026-01-09 22:03:28.256679" end-time="2026-01-09 22:03:28.256897" duration="0" asserts="0"><properties><property name="python-version" value="3.10.12 (main, Nov  4 2025, 08:48:33) [GCC 11.4.0]" /><property name="fspath" value="tests/test_data_decoding.py" /></properties><environment framework-version="3.6.2" clr-version="3.10.12 (main, Nov  4 2025, 08:48:33) [GCC 11.4.0]" os-version="6.8.0-90-generic" platform="Linux" cwd="/home/azuelab/projects/fnirsi-web-monitor" machine-name="x86_64" user="" user-domain="" culture="en_US" uiculture="en_US" os-architecture="64bit" /><failure><message><![CDATA[Skipped: FNB48P uses unsigned values; negative current representation TBD]]></message><stack-trace><![CDATA[/home/azuelab/projects/fnirsi-web-monitor/tests/test_data_decoding.py::112]]></stack-trace></failure><reason><message><![CDATA[]]></message></reason><output><![CDATA[]]></output></test-case><environment framework-version="3.6.2" clr-version="3.10.12 (main, Nov  4 2025, 08:48:33) [GCC 11.4.0]" os-version="6.8.0-90-generic" platform="Linux" cwd="/home/azuelab/projects/fnirsi-web-monitor" machine-name="x86_64" user="" user-domain="" culture="en_US" uiculture="en_US" os-architecture="64bit" /></test-suite><test-suite id="tests/test_api.py::TestRecordingAPI" name="tests/test_api.py::TestRecordingAPI" fullname="tests/test_api.py::TestRecordingAPI" methodname="" classname="" runstate="Runnable" type="Assembly" testcasecount="2" result="Passed" label="Test recording-related API functionality." start-time="2026-01-09 22:03:28.250168" end-time="2026-01-09 22:03:28.250962" duration="0.000794" asserts="0" total="2" passed="2" failed="0" warnings="0" inconclusive="0" skipped="0"><properties><property name="python_version" value="3.10.12 (main, Nov  4 2025, 08:48:33) [GCC 11.4.0]" /></properties><test-case id="106" name="tests/test_api.py::TestRecordingAPI::test_recording_status_format" fullname="tests/test_api.py::TestRecordingAPI::test_recording_status_format" methodname="test_recording_status_format" classname="TestRecordingAPI" runstate="Runnable" seed="1" result="Passed" label="Test recording status response format." start-time="2026-01-09 22:03:28.250168" end-time="2026-01-09 22:03:28.250457" duration="0.000289" asserts="0"><properties><property name="python-version" value="3.10.12 (main, Nov  4 2025, 08:48:33) [GCC 11.4.0]" /><property name="fspath" value="tests/test_api.py" /></properties><environment framework-version="3.6.2" clr-version="3.10.12 (main, Nov  4 2025, 08:48:33) [GCC 11.4.0]" os-version="6.8.0-90-generic" platform="Linux" cwd="/home/azuelab/projects/fnirsi-web-monitor" machine-name="x86_64" user="" user-domain="" culture="en_US" uiculture="en_US" os-architecture="64bit" /><failure><message><![CDATA[]]></message><stack-trace><![CDATA[None]]></stack-trace></failure><reason><message><![CDATA[]]></message></reason><output><![CDATA[]]></output></test-case><test-case id="107" name="tests/test_api.py::TestRecordingAPI::test_session_list_format" fullname="tests/test_api.py::TestRecordingAPI::test_session_list_format" methodname="test_session_list_format" classname="TestRecordingAPI" runstate="Runnable" seed="1" result="Passed" label="Test session list response format." start-time="2026-01-09 22:03:28.250677" end-time="2026-01-09 22:03:28.250962" duration="0.000285" asserts="0"><properties><property name="python-version" value="3.10.12 (main, Nov  4 2025, 08:48:33) [GCC 11.4.0]" /><property name="fspath" value="tests/test_api.py" /></properties><environment framework-version="3.6.2" clr-version="3.10.12 (main, Nov  4 2025, 08:48:33) [GCC 11.4.0]" os-version="6.8.0-90-generic" platform="Linux" cwd="/home/azuelab/projects/fnirsi-web-monitor" machine-name="x86_64" user="" user-domain="" culture="en_US" uiculture="en_US" os-architecture="64bit" /><failure><message><![CDATA[]]></message><stack-trace><![CDATA[None]]></stack-trace></failure><reason><message><![CDATA[]]></message></reason><output><![CDATA[]]></output></test-case><environment framework-version="3.6.2" clr-version="3.10.12 (main, Nov  4 2025, 08:48:33) [GCC 11.4.0]" os-version="6.8.0-90-generic" platform="Linux" cwd="/home/azuelab/projects/fnirsi-web-monitor" machine-name="x86_64" user="" user-domain="" culture="en_US" uiculture="en_US" os-architecture="64bit" /></test-suite><test-suite id="tests/test_data_decoding.py::TestPacketDecoding" name="tests/test_data_decoding.py::TestPacketDecoding" fullname="tests/test_data_decoding.py::TestPacketDecoding" methodname="" classname="" runstate="Runnable" type="Assembly" testcasecount="7" result="Passed" label="Test USB packet decoding functions." start-time="2026-01-09 22:03:28.251240" end-time="2026-01-09 22:03:28.254838" duration="0.003598" asserts="0" total="7" passed="7" failed="0" warnings="0" inconclusive="0" skipped="0"><properties><property name="python_version" value="3.10.12 (main, Nov  4 2025, 08:48:33) [GCC 11.4.0]" /></properties><test-case id="108" name="tests/test_data_decoding.py::TestPacketDecoding::test_voltage_decoding" fullname="tests/test_data_decoding.py::TestPacketDecoding::test_voltage_decoding" methodname="test_voltage_decoding" classname="TestPacketDecoding" runstate="Runnable" seed="1" result="Passed" label="Test voltage value extraction from packet." start-time="2026-01-09 22:03:28.251240" end-time="2026-01-09 22:03:28.251560" duration="0.00032" asserts="0"><properties><property name="python-version" value="3.10.12 (main, Nov  4 2025, 08:48:33) [GCC 11.4.0]" /><property name="fspath" value="tests/test_data_decoding.py" /></properties><environment framework-version="3.6.2" clr-version="3.10.12 (main, Nov  4 2025, 08:48:33) [GCC 11.4.0]" os-version="6.8.0-90-generic" platform="Linux" cwd="/home/azuelab/projects/fnirsi-web-monitor" machine-name="x86_64" user="" user-domain="" culture="en_US" uiculture="en_US" os-architecture="64bit" /><failure><message><![CDATA[]]></message><stack-trace><![CDATA[None]]></stack-trace></failure><reason><message><![CDATA[]]></message></reason><output><![CDATA[]]></output></test-case><test-case id="109" name="tests/test_data_decoding.py::TestPacketDecoding::test_current_decoding" fullname="tests/test_data_decoding.py::TestPacketDecoding::test_current_decoding" methodname="test_current_decoding" classname="TestPacketDecoding" runstate="Runnable" seed="1" result="Passed" label="Test current value extraction from packet." start-time="2026-01-09 22:03:28.251814" end-time="2026-01-09 22:03:28.252112" duration="0.000298" asserts="0"><properties><property name="python-version" value="3.10.12 (main, Nov  4 2025, 08:48:33) [GCC 11.4.0]" /><property name="fspath" value="tests/test_data_decoding.py" /></properties><environment framework-version="3.6.2" clr-version="3.10.12 (main, Nov  4 2025, 08:48:33) [GCC 11.4.0]" os-version="6.8.0-90-generic" platform="Linux" cwd="/home/azuelab/projects/fnirsi-web-monitor" machine-name="x86_64" user="" user-domain="" culture="en_US" uiculture="en_US" os-architecture="64bit" /><failure><message><![CDATA[]]></message><stack-trace><![CDATA[None]]></stack-trace></failure><reason><message><![CDATA[]]></message></reason><output><![CDATA[]]></output></test-case><test-case id="110" name="tests/test_data_decoding.py::TestPacketDecoding::test_power_calculation" fullname="tests/test_data_decoding.py::TestPacketDecoding::test_power_calculation" methodname="test_power_calculation" classname="TestPacketDecoding" runstate="Runnable" seed="1" result="Passed" label="Test power calculation from voltage and current." start-time="2026-01-09 22:03:28.252362" end-time="2026-01-09 22:03:28.252666" duration="0.000304" asserts="0"><properties><property name="python-version" value="3.10.12 (main, Nov  4 2025, 08:48:33) [GCC 11.4.0]" /><property name="fspath" value="tests/test_data_decoding.py" /></properties><environment framework-version="3.6.2" clr-version="3.10.12 (main, Nov  4 2025, 08:48:33) [GCC 11.4.0]" os-version="6.8.0-90-generic" platform="Linux" cwd="/home/azuelab/projects/fnirsi-web-monitor" machine-name="x86_64" user="" user-domain="" culture="en_US" uiculture="en_US" os-architecture="64bit" /><failure><message><![CDATA[]]></message><stack-trace><![CDATA[None]]></stack-trace></failure><reason><message><![CDATA[]]></message></reason><output><![CDATA[]]></output></test-case><test-case id="111" name="tests/test_data_decoding.py::TestPacketDecoding::test_d_plus_decoding" fullname="tests/test_data_decoding.py::TestPacketDecoding::test_d_plus_decoding" methodname="test_d_plus_decoding" classname="TestPacketDecoding" runstate="Runnable" seed="1" result="Passed" label="Test D+ voltage extraction from packet." start-time="2026-01-09 22:03:28.252911" end-time="2026-01-09 22:03:28.253200" duration="0.000289" asserts="0"><properties><property name="python-version" value="3.10.12 (main, Nov  4 2025, 08:48:33) [GCC 11.4.0]" /><property name="fspath" value="tests/test_data_decoding.py" /></properties><environment framework-version="3.6.2" clr-version="3.10.12 (main, Nov  4 2025, 08:48:33) [GCC 11.4.0]" os-version="6.8.0-90-generic" platform="Linux" cwd="/home/azuelab/projects/fnirsi-web-monitor" machine-name="x86_64" user="" user-domain="" culture="en_US" uiculture="en_US" os-architecture="64bit" /><failure><message><![CDATA[]]></message><stack-trace><![CDATA[None]]></stack-trace></failure><reason><message><![CDATA[]]></message></reason><output><![CDATA[]]></output></test-case><test-case id="112" name="tests/test_data_decoding.py::TestPacketDecoding::test_d_minus_decoding" fullname="tests/test_data_decoding.py::TestPacketDecoding::test_d_minus_decoding" methodname="test_d_minus_decoding" classname="TestPacketDecoding" runstate="Runnable" seed="1" result="Passed" label="Test D- voltage extraction from packet." start-time="2026-01-09 22:03:28.253450" end-time="2026-01-09 22:03:28.253751" duration="0.000301" asserts="0"><properties><property name="python-version" value="3.10.12 (main, Nov  4 2025, 08:48:33) [GCC 11.4.0]" /><property name="fspath" value="tests/test_data_decoding.py" /></properties><environment framework-version="3.6.2" clr-version="3.10.12 (main, Nov  4 2025, 08:48:33) [GCC 11.4.0]" os-version="6.8.0-90-generic" platform="Linux" cwd="/home/azuelab/projects/fnirsi-web-monitor" machine-name="x86_64" user="" user-domain="" culture="en_US" uiculture="en_US" os-architecture="64bit" /><failure><message><![CDATA[]]></message><stack-trace><![CDATA[None]]></stack-trace></failure><reason><message><![CDATA[]]></message></reason><output><![CDATA[]]></output></test-case><test-case id="113" name="tests/test_data_decoding.py::TestPacketDecoding::test_temperature_decoding" fullname="tests/test_data_decoding.py::TestPacketDecoding::test_temperature_decoding" methodname="test_temperature_decoding" classname="TestPacketDecoding" runstate="Runnable" seed="1" result="Passed" label="Test temperature extraction from packet." start-time="2026-01-09 22:03:28.253998" end-time="2026-01-09 22:03:28.254290" duration="0.000292" asserts="0"><properties><property name="python-version" value="3.10.12 (main, Nov  4 2025, 08:48:33) [GCC 11.4.0]" /><property name="fspath" value="tests/test_data_decoding.py" /></properties><environment framework-version="3.6.2" clr-version="3.10.12 (main, Nov  4 2025, 08:48:33) [GCC 11.4.0]" os-version="6.8.0-90-generic" platform="Linux" cwd="/home/azuelab/projects/fnirsi-web-monitor" machine-name="x86_64" user="" user-domain="" culture="en_US" uiculture="en_US" os-architecture="64bit" /><failure><message><![CDATA[]]></message><stack-trace><![CDATA[None]]></stack-trace></failure><reason><message><![CDATA[]]></message></reason><output><![CDATA[]]></output></test-case><test-case id="114" name="tests/test_data_decoding.py::TestPacketDecoding::test_packet_type_identification" fullname="tests/test_data_decoding.py::TestPacketDecoding::test_packet_type_identification" methodname="test_packet_type_identification" classname="TestPacketDecoding" runstate="Runnable" seed="1" result="Passed" label="Test packet type identification." start-time="2026-01-09 22:03:28.254545" end-time="2026-01-09 22:03:28.254838" duration="0.000293" asserts="0"><properties><property name="python-version" value="3.10.12 (main, Nov  4 2025, 08:48:33) [GCC 11.4.0]" /><property name="fspath" value="tests/test_data_decoding.py" /></properties><environment framework-version="3.6.2" clr-version="3.10.12 (main, Nov  4 2025, 08:48:33) [GCC 11.4.0]" os-version="6.8.0-90-generic" platform="Linux" cwd="/home/azuelab/projects/fnirsi-web-monitor" machine-name="x86_64" user="" user-domain="" culture="en_US" uiculture="en_US" os-architecture="64bit" /><failure><message><![CDATA[]]></message><stack-trace><![CDATA[None]]></stack-trace></failure><reason><message><![CDATA[]]></message></reason><output><![CDATA[]]></output></test-case><environment framework-version="3.6.2" clr-version="3.10.12 (main, Nov  4 2025, 08:48:33) [GCC 11.4.0]" os-version="6.8.0-90-generic" platform="Linux" cwd="/home/azuelab/projects/fnirsi-web-monitor" machine-name="x86_64" user="" user-domain="" culture="en_US" uiculture="en_US" os-architecture="64bit" /></test-suite><test-suite id="tests/test_api.py::TestAPIEndpoints" name="tests/test_api.py::TestAPIEndpoints" fullname="tests/test_api.py::TestAPIEndpoints" methodname="" classname="" runstate="Runnable" type="Assembly" testcasecount="3" result="Passed" label="Test expected API endpoint responses." start-time="2026-01-09 22:03:28.248628" end-time="2026-01-09 22:03:28.249950" duration="0.001322" asserts="0" total="3" passed="3" failed="0" warnings="0" inconclusive="0" skipped="0"><properties><property name="python_version" value="3.10.12 (main, Nov  4 2025, 08:48:33) [GCC 11.4.0]" /></properties><test-case id="103" name="tests/test_api.py::TestAPIEndpoints::test_latest_endpoint_format" fullname="tests/test_api.py::TestAPIEndpoints::test_latest_endpoint_format" methodname="test_latest_endpoint_format" classname="TestAPIEndpoints" runstate="Runnable" seed="1" result="Passed" label="Test /api/latest response format.&#10;&#10;        Note: D+/D- fields use 'dp'/'dn' to match USB tester terminology." start-time="2026-01-09 22:03:28.248628" end-time="2026-01-09 22:03:28.248922" duration="0.000294" asserts="0"><properties><property name="python-version" value="3.10.12 (main, Nov  4 2025, 08:48:33) [GCC 11.4.0]" /><property name="fspath" value="tests/test_api.py" /></properties><environment framework-version="3.6.2" clr-version="3.10.12 (main, Nov  4 2025, 08:48:33) [GCC 11.4.0]" os-version="6.8.0-90-generic" platform="Linux" cwd="/home/azuelab/projects/fnirsi-web-monitor" machine-name="x86_64" user="" user-domain="" culture="en_US" uiculture="en_US" os-architecture="64bit" /><failure><message><![CDATA[]]></message><stack-trace><![CDATA[None]]></stack-trace></failure><reason><message><![CDATA[]]></message></reason><output><![CDATA[]]></output></test-case><test-case id="104" name="tests/test_api.py::TestAPIEndpoints::test_stats_endpoint_format" fullname="tests/test_api.py::TestAPIEndpoints::test_stats_endpoint_format" methodname="test_stats_endpoint_format" classname="TestAPIEndpoints" runstate="Runnable" seed="1" result="Passed" label="Test /api/stats response format." start-time="2026-01-09 22:03:28.249144" end-time="2026-01-09 22:03:28.249444" duration="0.0003" asserts="0"><properties><property name="python-version" value="3.10.12 (main, Nov  4 2025, 08:48:33) [GCC 11.4.0]" /><property name="fspath" value="tests/test_api.py" /></properties><environment framework-version="3.6.2" clr-version="3.10.12 (main, Nov  4 2025, 08:48:33) [GCC 11.4.0]" os-version="6.8.0-90-generic" platform="Linux" cwd="/home/azuelab/projects/fnirsi-web-monitor" machine-name="x86_64" user="" user-domain="" culture="en_US" uiculture="en_US" os-architecture="64bit" /><failure><message><![CDATA[]]></message><stack-trace><![CDATA[None]]></stack-trace></failure><reason><message><![CDATA[]]></message></reason><output><![CDATA[]]></output></test-case><test-case id="105" name="tests/test_api.py::TestAPIEndpoints::test_device_endpoint_format" fullname="tests/test_api.py::TestAPIEndpoints::test_device_endpoint_format" methodname="test_device_endpoint_format" classname="TestAPIEndpoints" runstate="Runnable" seed="1" result="Passed" label="Test /api/device response format." start-time="2026-01-09 22:03:28.249666" end-time="2026-01-09 22:03:28.249950" duration="0.000284" asserts="0"><properties><property name="python-version" value="3.10.12 (main, Nov  4 2025, 08:48:33) [GCC 11.4.0]" /><property name="fspath" value="tests/test_api.py" /></properties><environment framework-version="3.6.2" clr-version="3.10.12 (main, Nov  4 2025, 08:48:33) [GCC 11.4.0]" os-version="6.8.0-90-generic" platform="Linux" cwd="/home/azuelab/projects/fnirsi-web-monitor" machine-name="x86_64" user="" user-domain="" culture="en_US" uiculture="en_US" os-architecture="64bit" /><failure><message><![CDATA[]]></message><stack-trace><![CDATA[None]]></stack-trace></failure><reason><message><![CDATA[]]></message></reason><output><![CDATA[]]></output></test-case><environment framework-version="3.6.2" clr-version="3.10.12 (main, Nov  4 2025, 08:48:33) [GCC 11.4.0]" os-version="6.8.0-90-generic" platform="Linux" cwd="/home/azuelab/projects/fnirsi-web-monitor" machine-name="x86_64" user="" user-domain="" culture="en_US" uiculture="en_US" os-architecture="64bit" /></test-suite><test-suite id="tests/test_api.py::TestAPIStructure" name="tests/test_api.py::TestAPIStructure" fullname="tests/test_api.py::TestAPIStructure" methodname="" classname="" runstate="Runnable" type="Assembly" testcasecount="3" result="Passed" label="Test API endpoint structure and response formats." start-time="2026-01-09 22:03:28.246831" end-time="2026-01-09 22:03:28.248394" duration="0.001563" asserts="0" total="3" passed="3" failed="0" warnings="0" inconclusive="0" skipped="0"><properties><property name="python_version" value="3.10.12 (main, Nov  4 2025, 08:48:33) [GCC 11.4.0]" /></properties><test-case id="100" name="tests/test_api.py::TestAPIStructure::test_reading_format" fullname="tests/test_api.py::TestAPIStructure::test_reading_format" methodname="test_reading_format" classname="TestAPIStructure" runstate="Runnable" seed="1" result="Passed" label="Test that readings have expected format.&#10;&#10;        Note: D+/D- fields use 'dp'/'dn' to match USB tester terminology." start-time="2026-01-09 22:03:28.246831" end-time="2026-01-09 22:03:28.247211" duration="0.00038" asserts="0"><properties><property name="python-version" value="3.10.12 (main, Nov  4 2025, 08:48:33) [GCC 11.4.0]" /><property name="fspath" value="tests/test_api.py" /></properties><environment framework-version="3.6.2" clr-version="3.10.12 (main, Nov  4 2025, 08:48:33) [GCC 11.4.0]" os-version="6.8.0-90-generic" platform="Linux" cwd="/home/azuelab/projects/fnirsi-web-monitor" machine-name="x86_64" user="" user-domain="" culture="en_US" uiculture="en_US" os-architecture="64bit" /><failure><message><![CDATA[]]></message><stack-trace><![CDATA[None]]></stack-trace></failure><reason><message><![CDATA[]]></message></reason><output><![CDATA[]]></output></test-case><test-case id="101" name="tests/test_api.py::TestAPIStructure::test_reading_types" fullname="tests/test_api.py::TestAPIStructure::test_reading_types" methodname="test_reading_types" classname="TestAPIStructure" runstate="Runnable" seed="1" result="Passed" label="Test that reading values have correct types." start-time="2026-01-09 22:03:28.247498" end-time="2026-01-09 22:03:28.247806" duration="0.000308" asserts="0"><properties><property name="python-version" value="3.10.12 (main, Nov  4 2025, 08:48:33) [GCC 11.4.0]" /><property name="fspath" value="tests/test_api.py" /></properties><environment framework-version="3.6.2" clr-version="3.10.12 (main, Nov  4 2025, 08:48:33) [GCC 11.4.0]" os-version="6.8.0-90-generic" platform="Linux" cwd="/home/azuelab/projects/fnirsi-web-monitor" machine-name="x86_64" user="" user-domain="" culture="en_US" uiculture="en_US" os-architecture="64bit" /><failure><message><![CDATA[]]></message><stack-trace><![CDATA[None]]></stack-trace></failure><reason><message><![CDATA[]]></message></reason><output><![CDATA[]]></output></test-case><test-case id="102" name="tests/test_api.py::TestAPIStructure::test_json_serialization" fullname="tests/test_api.py::TestAPIStructure::test_json_serialization" methodname="test_json_serialization" classname="TestAPIStructure" runstate="Runnable" seed="1" result="Passed" label="Test that readings can be JSON serialized." start-time="2026-01-09 22:03:28.248062" end-time="2026-01-09 22:03:28.248394" duration="0.000332" asserts="0"><properties><property name="python-version" value="3.10.12 (main, Nov  4 2025, 08:48:33) [GCC 11.4.0]" /><property name="fspath" value="tests/test_api.py" /></properties><environment framework-version="3.6.2" clr-version="3.10.12 (main, Nov  4 2025, 08:48:33) [GCC 11.4.0]" os-version="6.8.0-90-generic" platform="Linux" cwd="/home/azuelab/projects/fnirsi-web-monitor" machine-name="x86_64" user="" user-domain="" culture="en_US" uiculture="en_US" os-architecture="64bit" /><failure><message><![CDATA[]]></message><stack-trace><![CDATA[None]]></stack-trace></failure><reason><message><![CDATA[]]></message></reason><output><![CDATA[]]></output></test-case><environment framework-version="3.6.2" clr-version="3.10.12 (main, Nov  4 2025, 08:48:33) [GCC 11.4.0]" os-version="6.8.0-90-generic" platform="Linux" cwd="/home/azuelab/projects/fnirsi-web-monitor" machine-name="x86_64" user="" user-domain="" culture="en_US" uiculture="en_US" os-architecture="64bit" /></test-suite><test-suite id="tests/test_data_decoding.py::TestProtocolDetection" name="tests/test_data_decoding.py::TestProtocolDetection" fullname="tests/test_data_decoding.py::TestProtocolDetection" methodname="" classname="" runstate="Runnable" type="Assembly" testcasecount="3" result="Passed" label="Test charging protocol detection from D+/D- voltages." start-time="2026-01-09 22:03:28.257123" end-time="2026-01-09 22:03:28.258494" duration="0.001371" asserts="0" total="3" passed="3" failed="0" warnings="0" inconclusive="0" skipped="0"><properties><property name="python_version" value="3.10.12 (main, Nov  4 2025, 08:48:33) [GCC 11.4.0]" /></properties><test-case id="119" name="tests/test_data_decoding.py::TestProtocolDetection::test_qc2_9v_detection" fullname="tests/test_data_decoding.py::TestProtocolDetection::test_qc2_9v_detection" methodname="test_qc2_9v_detection" classname="TestProtocolDetection" runstate="Runnable" seed="1" result="Passed" label="Test QC2.0 9V protocol detection." start-time="2026-01-09 22:03:28.257123" end-time="2026-01-09 22:03:28.257416" duration="0.000293" asserts="0"><properties><property name="python-version" value="3.10.12 (main, Nov  4 2025, 08:48:33) [GCC 11.4.0]" /><property name="fspath" value="tests/test_data_decoding.py" /></properties><environment framework-version="3.6.2" clr-version="3.10.12 (main, Nov  4 2025, 08:48:33) [GCC 11.4.0]" os-version="6.8.0-90-generic" platform="Linux" cwd="/home/azuelab/projects/fnirsi-web-monitor" machine-name="x86_64" user="" user-domain="" culture="en_US" uiculture="en_US" os-architecture="64bit" /><failure><message><![CDATA[]]></message><stack-trace><![CDATA[None]]></stack-trace></failure><reason><message><![CDATA[]]></message></reason><output><![CDATA[]]></output></test-case><test-case id="120" name="tests/test_data_decoding.py::TestProtocolDetection::test_apple_2_4a_detection" fullname="tests/test_data_decoding.py::TestProtocolDetection::test_apple_2_4a_detection" methodname="test_apple_2_4a_detection" classname="TestProtocolDetection" runstate="Runnable" seed="1" result="Passed" label="Test Apple 2.4A protocol detection." start-time="2026-01-09 22:03:28.257641" end-time="2026-01-09 22:03:28.257978" duration="0.000337" asserts="0"><properties><property name="python-version" value="3.10.12 (main, Nov  4 2025, 08:48:33) [GCC 11.4.0]" /><property name="fspath" value="tests/test_data_decoding.py" /></properties><environment framework-version="3.6.2" clr-version="3.10.12 (main, Nov  4 2025, 08:48:33) [GCC 11.4.0]" os-version="6.8.0-90-generic" platform="Linux" cwd="/home/azuelab/projects/fnirsi-web-monitor" machine-name="x86_64" user="" user-domain="" culture="en_US" uiculture="en_US" os-architecture="64bit" /><failure><message><![CDATA[]]></message><stack-trace><![CDATA[None]]></stack-trace></failure><reason><message><![CDATA[]]></message></reason><output><![CDATA[]]></output></test-case><test-case id="121" name="tests/test_data_decoding.py::TestProtocolDetection::test_standard_usb_detection" fullname="tests/test_data_decoding.py::TestProtocolDetection::test_standard_usb_detection" methodname="test_standard_usb_detection" classname="TestProtocolDetection" runstate="Runnable" seed="1" result="Passed" label="Test standard USB (no fast charge) detection." start-time="2026-01-09 22:03:28.258197" end-time="2026-01-09 22:03:28.258494" duration="0.000297" asserts="0"><properties><property name="python-version" value="3.10.12 (main, Nov  4 2025, 08:48:33) [GCC 11.4.0]" /><property name="fspath" value="tests/test_data_decoding.py" /></properties><environment framework-version="3.6.2" clr-version="3.10.12 (main, Nov  4 2025, 08:48:33) [GCC 11.4.0]" os-version="6.8.0-90-generic" platform="Linux" cwd="/home/azuelab/projects/fnirsi-web-monitor" machine-name="x86_64" user="" user-domain="" culture="en_US" uiculture="en_US" os-architecture="64bit" /><failure><message><![CDATA[]]></message><stack-trace><![CDATA[None]]></stack-trace></failure><reason><message><![CDATA[]]></message></reason><output><![CDATA[]]></output></test-case><environment framework-version="3.6.2" clr-version="3.10.12 (main, Nov  4 2025, 08:48:33) [GCC 11.4.0]" os-version="6.8.0-90-generic" platform="Linux" cwd="/home/azuelab/projects/fnirsi-web-monitor" machine-name="x86_64" user="" user-domain="" culture="en_US" uiculture="en_US" os-architecture="64bit" /></test-suite><test-suite id="tests/test_statistics.py::TestStatisticsTracking" name="tests/test_statistics.py::TestStatisticsTracking" fullname="tests/test_statistics.py::TestStatisticsTracking" methodname="" classname="" runstate="Runnable" type="Assembly" testcasecount="5" result="Passed" label="Test statistics calculation and tracking." start-time="2026-01-09 22:03:28.258741" end-time="2026-01-09 22:03:28.261044" duration="0.002303" asserts="0" total="5" passed="5" failed="0" warnings="0" inconclusive="0" skipped="0"><properties><property name="python_version" value="3.10.12 (main, Nov  4 2025, 08:48:33) [GCC 11.4.0]" /></properties><test-case id="122" name="tests/test_statistics.py::TestStatisticsTracking::test_min_max_tracking" fullname="tests/test_statistics.py::TestStatisticsTracking::test_min_max_tracking" methodname="test_min_max_tracking" classname="TestStatisticsTracking" runstate="Runnable" seed="1" result="Passed" label="Test minimum and maximum value tracking." start-time="2026-01-09 22:03:28.258741" end-time="2026-01-09 22:03:28.259036" duration="0.000295" asserts="0"><properties><property name="python-version" value="3.10.12 (main, Nov  4 2025, 08:48:33) [GCC 11.4.0]" /><property name="fspath" value="tests/test_statistics.py" /></properties><environment framework-version="3.6.2" clr-version="3.10.12 (main, Nov  4 2025, 08:48:33) [GCC 11.4.0]" os-version="6.8.0-90-generic" platform="Linux" cwd="/home/azuelab/projects/fnirsi-web-monitor" machine-name="x86_64" user="" user-domain="" culture="en_US" uiculture="en_US" os-architecture="64bit" /><failure><message><![CDATA[]]></message><stack-trace><![CDATA[None]]></stack-trace></failure><reason><message><![CDATA[]]></message></reason><output><![CDATA[]]></output></test-case><test-case id="123" name="tests/test_statistics.py::TestStatisticsTracking::test_average_calculation" fullname="tests/test_statistics.py::TestStatisticsTracking::test_average_calculation" methodname="test_average_calculation" classname="TestStatisticsTracking" runstate="Runnable" seed="1" result="Passed" label="Test average value calculation." start-time="2026-01-09 22:03:28.259255" end-time="2026-01-09 22:03:28.259546" duration="0.000291" asserts="0"><properties><property name="python-version" value="3.10.12 (main, Nov  4 2025, 08:48:33) [GCC 11.4.0]" /><property name="fspath" value="tests/test_statistics.py" /></properties><environment framework-version="3.6.2" clr-version="3.10.12 (main, Nov  4 2025, 08:48:33) [GCC 11.4.0]" os-version="6.8.0-90-generic" platform="Linux" cwd="/home/azuelab/projects/fnirsi-web-monitor" machine-name="x86_64" user="" user-domain="" culture="en_US" uiculture="en_US" os-architecture="64bit" /><failure><message><![CDATA[]]></message><stack-trace><![CDATA[None]]></stack-trace></failure><reason><message><![CDATA[]]></message></reason><output><![CDATA[]]></output></test-case><test-case id="124" name="tests/test_statistics.py::TestStatisticsTracking::test_energy_accumulation" fullname="tests/test_statistics.py::TestStatisticsTracking::test_energy_accumulation" methodname="test_energy_accumulation" classname="TestStatisticsTracking" runstate="Runnable" seed="1" result="Passed" label="Test energy (Wh) accumulation over time." start-time="2026-01-09 22:03:28.259759" end-time="2026-01-09 22:03:28.260036" duration="0.000277" asserts="0"><properties><property name="python-version" value="3.10.12 (main, Nov  4 2025, 08:48:33) [GCC 11.4.0]" /><property name="fspath" value="tests/test_statistics.py" /></properties><environment framework-version="3.6.2" clr-version="3.10.12 (main, Nov  4 2025, 08:48:33) [GCC 11.4.0]" os-version="6.8.0-90-generic" platform="Linux" cwd="/home/azuelab/projects/fnirsi-web-monitor" machine-name="x86_64" user="" user-domain="" culture="en_US" uiculture="en_US" os-architecture="64bit" /><failure><message><![CDATA[]]></message><stack-trace><![CDATA[None]]></stack-trace></failure><reason><message><![CDATA[]]></message></reason><output><![CDATA[]]></output></test-case><test-case id="125" name="tests/test_statistics.py::TestStatisticsTracking::test_capacity_accumulation" fullname="tests/test_statistics.py::TestStatisticsTracking::test_capacity_accumulation" methodname="test_capacity_accumulation" classname="TestStatisticsTracking" runstate="Runnable" seed="1" result="Passed" label="Test capacity (mAh) accumulation over time." start-time="2026-01-09 22:03:28.260255" end-time="2026-01-09 22:03:28.260544" duration="0.000289" asserts="0"><properties><property name="python-version" value="3.10.12 (main, Nov  4 2025, 08:48:33) [GCC 11.4.0]" /><property name="fspath" value="tests/test_statistics.py" /></properties><environment framework-version="3.6.2" clr-version="3.10.12 (main, Nov  4 2025, 08:48:33) [GCC 11.4.0]" os-version="6.8.0-90-generic" platform="Linux" cwd="/home/azuelab/projects/fnirsi-web-monitor" machine-name="x86_64" user="" user-domain="" culture="en_US" uiculture="en_US" os-architecture="64bit" /><failure><message><![CDATA[]]></message><stack-trace><![CDATA[None]]></stack-trace></failure><reason><message><![CDATA[]]></message></reason><output><![CDATA[]]></output></test-case><test-case id="126" name="tests/test_statistics.py::TestStatisticsTracking::test_rolling_buffer" fullname="tests/test_statistics.py::TestStatisticsTracking::test_rolling_buffer" methodname="test_rolling_buffer" classname="TestStatisticsTracking" runstate="Runnable" seed="1" result="Passed" label="Test rolling buffer for recent readings." start-time="2026-01-09 22:03:28.260757" end-time="2026-01-09 22:03:28.261044" duration="0.000287" asserts="0"><properties><property name="python-version" value="3.10.12 (main, Nov  4 2025, 08:48:33) [GCC 11.4.0]" /><property name="fspath" value="tests/test_statistics.py" /></properties><environment framework-version="3.6.2" clr-version="3.10.12 (main, Nov  4 2025, 08:48:33) [GCC 11.4.0]" os-version="6.8.0-90-generic" platform="Linux" cwd="/home/azuelab/projects/fnirsi-web-monitor" machine-name="x86_64" user="" user-domain="" culture="en_US" uiculture="en_US" os-architecture="64bit" /><failure><message><![CDATA[]]></message><stack-trace><![CDATA[None]]></stack-trace></failure><reason><message><![CDATA[]]></message></reason><output><![CDATA[]]></output></test-case><environment framework-version="3.6.2" clr-version="3.10.12 (main, Nov  4 2025, 08:48:33) [GCC 11.4.0]" os-version="6.8.0-90-generic" platform="Linux" cwd="/home/azuelab/projects/fnirsi-web-monitor" machine-name="x86_64" user="" user-domain="" culture="en_US" uiculture="en_US" os-architecture="64bit" /></test-suite><test-suite id="tests/test_statistics.py::TestAlertThresholds" name="tests/test_statistics.py::TestAlertThresholds" fullname="tests/test_statistics.py::TestAlertThresholds" methodname="" classname="" runstate="Runnable" type="Assembly" testcasecount="5" result="Passed" label="Test alert threshold checking." start-time="2026-01-09 22:03:28.261256" end-time="2026-01-09 22:03:28.263530" duration="0.002274" asserts="0" total="5" passed="5" failed="0" warnings="0" inconclusive="0" skipped="0"><properties><property name="python_version" value="3.10.12 (main, Nov  4 2025, 08:48:33) [GCC 11.4.0]" /></properties><test-case id="127" name="tests/test_statistics.py::TestAlertThresholds::test_voltage_over_threshold" fullname="tests/test_statistics.py::TestAlertThresholds::test_voltage_over_threshold" methodname="test_voltage_over_threshold" classname="TestAlertThresholds" runstate="Runnable" seed="1" result="Passed" label="Test voltage over-threshold detection." start-time="2026-01-09 22:03:28.261256" end-time="2026-01-09 22:03:28.261545" duration="0.000289" asserts="0"><properties><property name="python-version" value="3.10.12 (main, Nov  4 2025, 08:48:33) [GCC 11.4.0]" /><property name="fspath" value="tests/test_statistics.py" /></properties><environment framework-version="3.6.2" clr-version="3.10.12 (main, Nov  4 2025, 08:48:33) [GCC 11.4.0]" os-version="6.8.0-90-generic" platform="Linux" cwd="/home/azuelab/projects/fnirsi-web-monitor" machine-name="x86_64" user="" user-domain="" culture="en_US" uiculture="en_US" os-architecture="64bit" /><failure><message><![CDATA[]]></message><stack-trace><![CDATA[None]]></stack-trace></failure><reason><message><![CDATA[]]></message></reason><output><![CDATA[]]></output></test-case><test-case id="128" name="tests/test_statistics.py::TestAlertThresholds::test_voltage_under_threshold" fullname="tests/test_statistics.py::TestAlertThresholds::test_voltage_under_threshold" methodname="test_voltage_under_threshold" classname="TestAlertThresholds" runstate="Runnable" seed="1" result="Passed" label="Test voltage under-threshold detection." start-time="2026-01-09 22:03:28.261765" end-time="2026-01-09 22:03:28.262042" duration="0.000277" asserts="0"><properties><property name="python-version" value="3.10.12 (main, Nov  4 2025, 08:48:33) [GCC 11.4.0]" /><property name="fspath" value="tests/test_statistics.py" /></properties><environment framework-version="3.6.2" clr-version="3.10.12 (main, Nov  4 2025, 08:48:33) [GCC 11.4.0]" os-version="6.8.0-90-generic" platform="Linux" cwd="/home/azuelab/projects/fnirsi-web-monitor" machine-name="x86_64" user="" user-domain="" culture="en_US" uiculture="en_US" os-architecture="64bit" /><failure><message><![CDATA[]]></message><stack-trace><![CDATA[None]]></stack-trace></failure><reason><message><![CDATA[]]></message></reason><output><![CDATA[]]></output></test-case><test-case id="129" name="tests/test_statistics.py::TestAlertThresholds::test_current_over_threshold" fullname="tests/test_statistics.py::TestAlertThresholds::test_current_over_threshold" methodname="test_current_over_threshold" classname="TestAlertThresholds" runstate="Runnable" seed="1" result="Passed" label="Test current over-threshold detection." start-time="2026-01-09 22:03:28.262256" end-time="2026-01-09 22:03:28.262540" duration="0.000284" asserts="0"><properties><property name="python-version" value="3.10.12 (main, Nov  4 2025, 08:48:33) [GCC 11.4.0]" /><property name="fspath" value="tests/test_statistics.py" /></properties><environment framework-version="3.6.2" clr-version="3.10.12 (main, Nov  4 2025, 08:48:33) [GCC 11.4.0]" os-version="6.8.0-90-generic" platform="Linux" cwd="/home/azuelab/projects/fnirsi-web-monitor" machine-name="x86_64" user="" user-domain="" culture="en_US" uiculture="en_US" os-architecture="64bit" /><failure><message><![CDATA[]]></message><stack-trace><![CDATA[None]]></stack-trace></failure><reason><message><![CDATA[]]></message></reason><output><![CDATA[]]></output></test-case><test-case id="130" name="tests/test_statistics.py::TestAlertThresholds::test_power_over_threshold" fullname="tests/test_statistics.py::TestAlertThresholds::test_power_over_threshold" methodname="test_power_over_threshold" classname="TestAlertThresholds" runstate="Runnable" seed="1" result="Passed" label="Test power over-threshold detection." start-time="2026-01-09 22:03:28.262750" end-time="2026-01-09 22:03:28.263028" duration="0.000278" asserts="0"><properties><property name="python-version" value="3.10.12 (main, Nov  4 2025, 08:48:33) [GCC 11.4.0]" /><property name="fspath" value="tests/test_statistics.py" /></properties><environment framework-version="3.6.2" clr-version="3.10.12 (main, Nov  4 2025, 08:48:33) [GCC 11.4.0]" os-version="6.8.0-90-generic" platform="Linux" cwd="/home/azuelab/projects/fnirsi-web-monitor" machine-name="x86_64" user="" user-domain="" culture="en_US" uiculture="en_US" os-architecture="64bit" /><failure><message><![CDATA[]]></message><stack-trace><![CDATA[None]]></stack-trace></failure><reason><message><![CDATA[]]></message></reason><output><![CDATA[]]></output></test-case><test-case id="131" name="tests/test_statistics.py::TestAlertThresholds::test_temperature_over_threshold" fullname="tests/test_statistics.py::TestAlertThresholds::test_temperature_over_threshold" methodname="test_temperature_over_threshold" classname="TestAlertThresholds" runstate="Runnable" seed="1" result="Passed" label="Test temperature over-threshold detection." start-time="2026-01-09 22:03:28.263240" end-time="2026-01-09 22:03:28.263530" duration="0.00029" asserts="0"><properties><property name="python-version" value="3.10.12 (main, Nov  4 2025, 08:48:33) [GCC 11.4.0]" /><property name="fspath" value="tests/test_statistics.py" /></properties><environment framework-version="3.6.2" clr-version="3.10.12 (main, Nov  4 2025, 08:48:33) [GCC 11.4.0]" os-version="6.8.0-90-generic" platform="Linux" cwd="/home/azuelab/projects/fnirsi-web-monitor" machine-name="x86_64" user="" user-domain="" culture="en_US" uiculture="en_US" os-architecture="64bit" /><failure><message><![CDATA[]]></message><stack-trace><![CDATA[None]]></stack-trace></failure><reason><message><![CDATA[]]></message></reason><output><![CDATA[]]></output></test-case><environment framework-version="3.6.2" clr-version="3.10.12 (main, Nov  4 2025, 08:48:33) [GCC 11.4.0]" os-version="6.8.0-90-generic" platform="Linux" cwd="/home/azuelab/projects/fnirsi-web-monitor" machine-name="x86_64" user="" user-domain="" culture="en_US" uiculture="en_US" os-architecture="64bit" /></test-suite></test-run>